[INFO ] 2023-10-14 18:16:27.910 [main] Utils - [Utils] MethodGroupsHelper.collectMethodsByGroup() took 0 ms.
[INFO ] 2023-10-14 18:16:27.921 [main] Utils - [Utils] MethodGroupsHelper.sortMethods() took 2 ms.
[INFO ] 2023-10-14 18:16:27.922 [main] Utils - [Utils] MethodGroupsHelper.collectMethodsByGroup() took 0 ms.
[INFO ] 2023-10-14 18:16:27.923 [main] Utils - [Utils] MethodGroupsHelper.sortMethods() took 0 ms.
[INFO ] 2023-10-14 18:16:27.923 [main] Utils - [Utils] MethodGroupsHelper.collectMethodsByGroup() took 0 ms.
[INFO ] 2023-10-14 18:16:27.923 [main] Utils - [Utils] MethodGroupsHelper.sortMethods() took 0 ms.
[INFO ] 2023-10-14 18:16:27.923 [main] Utils - [Utils] MethodGroupsHelper.collectMethodsByGroup() took 0 ms.
[INFO ] 2023-10-14 18:16:27.924 [main] Utils - [Utils] MethodGroupsHelper.sortMethods() took 0 ms.
[INFO ] 2023-10-14 18:16:27.924 [main] Utils - [Utils] MethodGroupsHelper.collectMethodsByGroup() took 0 ms.
[INFO ] 2023-10-14 18:16:27.924 [main] Utils - [Utils] MethodGroupsHelper.sortMethods() took 0 ms.
[INFO ] 2023-10-14 18:16:27.924 [main] Utils - [Utils] MethodGroupsHelper.collectMethodsByGroup() took 0 ms.
[INFO ] 2023-10-14 18:16:27.924 [main] Utils - [Utils] MethodGroupsHelper.sortMethods() took 0 ms.
[INFO ] 2023-10-14 18:16:27.924 [main] Utils - [Utils] MethodGroupsHelper.collectMethodsByGroup() took 0 ms.
[INFO ] 2023-10-14 18:16:27.924 [main] Utils - [Utils] MethodGroupsHelper.sortMethods() took 0 ms.
[INFO ] 2023-10-14 18:16:27.925 [main] Utils - [Utils] MethodGroupsHelper.collectMethodsByGroup() took 0 ms.
[INFO ] 2023-10-14 18:16:27.925 [main] Utils - [Utils] MethodGroupsHelper.sortMethods() took 0 ms.
[INFO ] 2023-10-14 18:16:27.930 [main] Utils - [Utils] MethodGroupsHelper.collectMethodsByGroup() took 0 ms.
[INFO ] 2023-10-14 18:16:27.930 [main] Utils - [Utils] MethodGroupsHelper.sortMethods() took 0 ms.
[INFO ] 2023-10-14 18:16:27.930 [main] Utils - [Utils] MethodGroupsHelper.collectMethodsByGroup() took 0 ms.
[INFO ] 2023-10-14 18:16:27.930 [main] Utils - [Utils] MethodGroupsHelper.sortMethods() took 0 ms.
[INFO ] 2023-10-14 18:16:27.931 [main] Utils - [Utils] MethodGroupsHelper.collectMethodsByGroup() took 0 ms.
[INFO ] 2023-10-14 18:16:27.931 [main] Utils - [Utils] MethodGroupsHelper.sortMethods() took 0 ms.
[INFO ] 2023-10-14 18:16:27.931 [main] Utils - [Utils] MethodGroupsHelper.collectMethodsByGroup() took 0 ms.
[INFO ] 2023-10-14 18:16:27.931 [main] Utils - [Utils] MethodGroupsHelper.sortMethods() took 0 ms.
[INFO ] 2023-10-14 18:16:27.934 [main] Utils - [Utils] MethodGroupsHelper.collectMethodsByGroup() took 2 ms.
[INFO ] 2023-10-14 18:16:27.940 [main] Utils - [Utils] MethodGroupsHelper.sortMethods() took 5 ms.
[INFO ] 2023-10-14 18:16:27.942 [main] Utils - [Utils] MethodGroupsHelper.collectMethodsByGroup() took 0 ms.
[INFO ] 2023-10-14 18:16:27.942 [main] Utils - [Utils] MethodGroupsHelper.sortMethods() took 0 ms.
[INFO ] 2023-10-14 18:16:27.942 [main] Utils - [Utils] MethodGroupsHelper.collectMethodsByGroup() took 0 ms.
[INFO ] 2023-10-14 18:16:27.942 [main] Utils - [Utils] MethodGroupsHelper.sortMethods() took 0 ms.
[INFO ] 2023-10-14 18:16:27.952 [main] Utils - [TestNG] Running:
  C:\Users\HARISH S L\AppData\Local\Temp\testng-eclipse--922394621\testng-customsuite.xml

[INFO ] 2023-10-14 18:16:27.974 [main] Utils - [Utils] DynamicGraphHelper.createDynamicGraph() took 4 ms.
[INFO ] 2023-10-14 18:16:46.441 [main] Utils - [TestNG] Time taken by org.testng.internal.ExitCodeListener@6c518474: 0 ms
[INFO ] 2023-10-14 18:16:46.477 [main] Utils - [TestNG] Time taken by org.testng.reporters.SuiteHTMLReporter@70f822e: 36 ms
[INFO ] 2023-10-14 18:16:46.542 [main] Utils - [TestNG] Time taken by org.testng.reporters.jq.Main@43d38654: 65 ms
[INFO ] 2023-10-14 18:16:46.559 [main] Utils - [TestNG] Time taken by org.testng.reporters.FailedReporter@7158daf2: 17 ms
[INFO ] 2023-10-14 18:16:46.573 [main] Utils - [TestNG] Time taken by org.testng.reporters.XMLReporter@3ce53f6a: 14 ms
[INFO ] 2023-10-14 18:16:46.580 [main] Utils - [TestNG] Time taken by org.testng.reporters.EmailableReporter2@7c8f9c2e: 7 ms
[INFO ] 2023-10-14 18:16:46.591 [main] Utils - [TestNG] Time taken by org.testng.reporters.JUnitReportReporter@3dd818e8: 11 ms
[INFO ] 2023-10-14 18:17:43.840 [main] Utils - [Utils] MethodGroupsHelper.collectMethodsByGroup() took 1 ms.
[INFO ] 2023-10-14 18:17:43.844 [main] Utils - [Utils] MethodGroupsHelper.sortMethods() took 0 ms.
[INFO ] 2023-10-14 18:17:43.846 [main] Utils - [Utils] MethodGroupsHelper.collectMethodsByGroup() took 0 ms.
[INFO ] 2023-10-14 18:17:43.846 [main] Utils - [Utils] MethodGroupsHelper.sortMethods() took 0 ms.
[INFO ] 2023-10-14 18:17:43.846 [main] Utils - [Utils] MethodGroupsHelper.collectMethodsByGroup() took 0 ms.
[INFO ] 2023-10-14 18:17:43.846 [main] Utils - [Utils] MethodGroupsHelper.sortMethods() took 0 ms.
[INFO ] 2023-10-14 18:17:43.846 [main] Utils - [Utils] MethodGroupsHelper.collectMethodsByGroup() took 0 ms.
[INFO ] 2023-10-14 18:17:43.846 [main] Utils - [Utils] MethodGroupsHelper.sortMethods() took 0 ms.
[INFO ] 2023-10-14 18:17:43.847 [main] Utils - [Utils] MethodGroupsHelper.collectMethodsByGroup() took 0 ms.
[INFO ] 2023-10-14 18:17:43.847 [main] Utils - [Utils] MethodGroupsHelper.sortMethods() took 0 ms.
[INFO ] 2023-10-14 18:17:43.847 [main] Utils - [Utils] MethodGroupsHelper.collectMethodsByGroup() took 0 ms.
[INFO ] 2023-10-14 18:17:43.847 [main] Utils - [Utils] MethodGroupsHelper.sortMethods() took 0 ms.
[INFO ] 2023-10-14 18:17:43.847 [main] Utils - [Utils] MethodGroupsHelper.collectMethodsByGroup() took 0 ms.
[INFO ] 2023-10-14 18:17:43.847 [main] Utils - [Utils] MethodGroupsHelper.sortMethods() took 0 ms.
[INFO ] 2023-10-14 18:17:43.847 [main] Utils - [Utils] MethodGroupsHelper.collectMethodsByGroup() took 0 ms.
[INFO ] 2023-10-14 18:17:43.847 [main] Utils - [Utils] MethodGroupsHelper.sortMethods() took 0 ms.
[INFO ] 2023-10-14 18:17:43.851 [main] Utils - [Utils] MethodGroupsHelper.collectMethodsByGroup() took 0 ms.
[INFO ] 2023-10-14 18:17:43.851 [main] Utils - [Utils] MethodGroupsHelper.sortMethods() took 0 ms.
[INFO ] 2023-10-14 18:17:43.851 [main] Utils - [Utils] MethodGroupsHelper.collectMethodsByGroup() took 0 ms.
[INFO ] 2023-10-14 18:17:43.852 [main] Utils - [Utils] MethodGroupsHelper.sortMethods() took 0 ms.
[INFO ] 2023-10-14 18:17:43.852 [main] Utils - [Utils] MethodGroupsHelper.collectMethodsByGroup() took 0 ms.
[INFO ] 2023-10-14 18:17:43.852 [main] Utils - [Utils] MethodGroupsHelper.sortMethods() took 0 ms.
[INFO ] 2023-10-14 18:17:43.852 [main] Utils - [Utils] MethodGroupsHelper.collectMethodsByGroup() took 0 ms.
[INFO ] 2023-10-14 18:17:43.854 [main] Utils - [Utils] MethodGroupsHelper.sortMethods() took 0 ms.
[INFO ] 2023-10-14 18:17:43.857 [main] Utils - [Utils] MethodGroupsHelper.collectMethodsByGroup() took 2 ms.
[INFO ] 2023-10-14 18:17:43.861 [main] Utils - [Utils] MethodGroupsHelper.sortMethods() took 4 ms.
[INFO ] 2023-10-14 18:17:43.862 [main] Utils - [Utils] MethodGroupsHelper.collectMethodsByGroup() took 0 ms.
[INFO ] 2023-10-14 18:17:43.862 [main] Utils - [Utils] MethodGroupsHelper.sortMethods() took 0 ms.
[INFO ] 2023-10-14 18:17:43.863 [main] Utils - [Utils] MethodGroupsHelper.collectMethodsByGroup() took 0 ms.
[INFO ] 2023-10-14 18:17:43.863 [main] Utils - [Utils] MethodGroupsHelper.sortMethods() took 0 ms.
[INFO ] 2023-10-14 18:17:43.870 [main] Utils - [TestNG] Running:
  C:\Users\HARISH S L\AppData\Local\Temp\testng-eclipse--395349925\testng-customsuite.xml

[INFO ] 2023-10-14 18:17:43.891 [main] Utils - [Utils] DynamicGraphHelper.createDynamicGraph() took 4 ms.
[INFO ] 2023-10-14 18:18:15.715 [main] Utils - [TestNG] Time taken by org.testng.internal.ExitCodeListener@5cb5bb88: 0 ms
[INFO ] 2023-10-14 18:18:15.754 [main] Utils - [TestNG] Time taken by org.testng.reporters.SuiteHTMLReporter@7b7683d4: 39 ms
[INFO ] 2023-10-14 18:18:15.797 [main] Utils - [TestNG] Time taken by org.testng.reporters.jq.Main@61af1510: 43 ms
[INFO ] 2023-10-14 18:18:15.798 [main] Utils - [TestNG] Time taken by org.testng.reporters.FailedReporter@37af1f93: 1 ms
[INFO ] 2023-10-14 18:18:15.804 [main] Utils - [TestNG] Time taken by org.testng.reporters.XMLReporter@47af099e: 6 ms
[INFO ] 2023-10-14 18:18:15.810 [main] Utils - [TestNG] Time taken by org.testng.reporters.EmailableReporter2@790a251b: 6 ms
[INFO ] 2023-10-14 18:18:15.815 [main] Utils - [TestNG] Time taken by org.testng.reporters.JUnitReportReporter@69228e85: 5 ms
[INFO ] 2023-10-14 18:19:31.375 [main] Utils - [Utils] MethodGroupsHelper.collectMethodsByGroup() took 2 ms.
[INFO ] 2023-10-14 18:19:31.381 [main] Utils - [Utils] MethodGroupsHelper.sortMethods() took 1 ms.
[INFO ] 2023-10-14 18:19:31.382 [main] Utils - [Utils] MethodGroupsHelper.collectMethodsByGroup() took 0 ms.
[INFO ] 2023-10-14 18:19:31.383 [main] Utils - [Utils] MethodGroupsHelper.sortMethods() took 0 ms.
[INFO ] 2023-10-14 18:19:31.383 [main] Utils - [Utils] MethodGroupsHelper.collectMethodsByGroup() took 0 ms.
[INFO ] 2023-10-14 18:19:31.383 [main] Utils - [Utils] MethodGroupsHelper.sortMethods() took 0 ms.
[INFO ] 2023-10-14 18:19:31.383 [main] Utils - [Utils] MethodGroupsHelper.collectMethodsByGroup() took 0 ms.
[INFO ] 2023-10-14 18:19:31.383 [main] Utils - [Utils] MethodGroupsHelper.sortMethods() took 0 ms.
[INFO ] 2023-10-14 18:19:31.383 [main] Utils - [Utils] MethodGroupsHelper.collectMethodsByGroup() took 0 ms.
[INFO ] 2023-10-14 18:19:31.383 [main] Utils - [Utils] MethodGroupsHelper.sortMethods() took 0 ms.
[INFO ] 2023-10-14 18:19:31.384 [main] Utils - [Utils] MethodGroupsHelper.collectMethodsByGroup() took 0 ms.
[INFO ] 2023-10-14 18:19:31.384 [main] Utils - [Utils] MethodGroupsHelper.sortMethods() took 0 ms.
[INFO ] 2023-10-14 18:19:31.384 [main] Utils - [Utils] MethodGroupsHelper.collectMethodsByGroup() took 0 ms.
[INFO ] 2023-10-14 18:19:31.384 [main] Utils - [Utils] MethodGroupsHelper.sortMethods() took 0 ms.
[INFO ] 2023-10-14 18:19:31.384 [main] Utils - [Utils] MethodGroupsHelper.collectMethodsByGroup() took 0 ms.
[INFO ] 2023-10-14 18:19:31.384 [main] Utils - [Utils] MethodGroupsHelper.sortMethods() took 0 ms.
[INFO ] 2023-10-14 18:19:31.389 [main] Utils - [Utils] MethodGroupsHelper.collectMethodsByGroup() took 0 ms.
[INFO ] 2023-10-14 18:19:31.390 [main] Utils - [Utils] MethodGroupsHelper.sortMethods() took 0 ms.
[INFO ] 2023-10-14 18:19:31.390 [main] Utils - [Utils] MethodGroupsHelper.collectMethodsByGroup() took 0 ms.
[INFO ] 2023-10-14 18:19:31.390 [main] Utils - [Utils] MethodGroupsHelper.sortMethods() took 0 ms.
[INFO ] 2023-10-14 18:19:31.391 [main] Utils - [Utils] MethodGroupsHelper.collectMethodsByGroup() took 0 ms.
[INFO ] 2023-10-14 18:19:31.391 [main] Utils - [Utils] MethodGroupsHelper.sortMethods() took 0 ms.
[INFO ] 2023-10-14 18:19:31.391 [main] Utils - [Utils] MethodGroupsHelper.collectMethodsByGroup() took 0 ms.
[INFO ] 2023-10-14 18:19:31.391 [main] Utils - [Utils] MethodGroupsHelper.sortMethods() took 0 ms.
[INFO ] 2023-10-14 18:19:31.396 [main] Utils - [Utils] MethodGroupsHelper.collectMethodsByGroup() took 3 ms.
[INFO ] 2023-10-14 18:19:31.402 [main] Utils - [Utils] MethodGroupsHelper.sortMethods() took 5 ms.
[INFO ] 2023-10-14 18:19:31.403 [main] Utils - [Utils] MethodGroupsHelper.collectMethodsByGroup() took 0 ms.
[INFO ] 2023-10-14 18:19:31.403 [main] Utils - [Utils] MethodGroupsHelper.sortMethods() took 0 ms.
[INFO ] 2023-10-14 18:19:31.403 [main] Utils - [Utils] MethodGroupsHelper.collectMethodsByGroup() took 0 ms.
[INFO ] 2023-10-14 18:19:31.403 [main] Utils - [Utils] MethodGroupsHelper.sortMethods() took 0 ms.
[INFO ] 2023-10-14 18:19:31.412 [main] Utils - [TestNG] Running:
  C:\Users\HARISH S L\AppData\Local\Temp\testng-eclipse--885014326\testng-customsuite.xml

[INFO ] 2023-10-14 18:19:31.436 [main] Utils - [Utils] DynamicGraphHelper.createDynamicGraph() took 5 ms.
[INFO ] 2023-10-14 18:19:55.240 [main] Utils - [TestNG] Time taken by org.testng.internal.ExitCodeListener@7be71476: 0 ms
[INFO ] 2023-10-14 18:19:55.270 [main] Utils - [TestNG] Time taken by org.testng.reporters.SuiteHTMLReporter@472698d: 29 ms
[INFO ] 2023-10-14 18:19:55.319 [main] Utils - [TestNG] Time taken by org.testng.reporters.jq.Main@2903c6ff: 49 ms
[INFO ] 2023-10-14 18:19:55.319 [main] Utils - [TestNG] Time taken by org.testng.reporters.FailedReporter@61af1510: 0 ms
[INFO ] 2023-10-14 18:19:55.326 [main] Utils - [TestNG] Time taken by org.testng.reporters.XMLReporter@71ad3d8a: 7 ms
[INFO ] 2023-10-14 18:19:55.337 [main] Utils - [TestNG] Time taken by org.testng.reporters.EmailableReporter2@3e17a0a1: 11 ms
[INFO ] 2023-10-14 18:19:55.341 [main] Utils - [TestNG] Time taken by org.testng.reporters.JUnitReportReporter@4e1ce44: 4 ms
