[INFO ] 2023-10-15 17:16:23.966 [main] Utils - [Utils] MethodGroupsHelper.collectMethodsByGroup() took 1 ms.
[INFO ] 2023-10-15 17:16:23.982 [main] Utils - [Utils] MethodGroupsHelper.sortMethods() took 1 ms.
[INFO ] 2023-10-15 17:16:23.984 [main] Utils - [Utils] MethodGroupsHelper.collectMethodsByGroup() took 0 ms.
[INFO ] 2023-10-15 17:16:23.984 [main] Utils - [Utils] MethodGroupsHelper.sortMethods() took 0 ms.
[INFO ] 2023-10-15 17:16:23.985 [main] Utils - [Utils] MethodGroupsHelper.collectMethodsByGroup() took 0 ms.
[INFO ] 2023-10-15 17:16:23.985 [main] Utils - [Utils] MethodGroupsHelper.sortMethods() took 0 ms.
[INFO ] 2023-10-15 17:16:23.985 [main] Utils - [Utils] MethodGroupsHelper.collectMethodsByGroup() took 0 ms.
[INFO ] 2023-10-15 17:16:23.986 [main] Utils - [Utils] MethodGroupsHelper.sortMethods() took 0 ms.
[INFO ] 2023-10-15 17:16:23.990 [main] Utils - [Utils] MethodGroupsHelper.collectMethodsByGroup() took 2 ms.
[INFO ] 2023-10-15 17:16:24.000 [main] Utils - [Utils] MethodGroupsHelper.sortMethods() took 10 ms.
[INFO ] 2023-10-15 17:16:24.002 [main] Utils - [Utils] MethodGroupsHelper.collectMethodsByGroup() took 0 ms.
[INFO ] 2023-10-15 17:16:24.003 [main] Utils - [Utils] MethodGroupsHelper.sortMethods() took 0 ms.
[INFO ] 2023-10-15 17:16:24.003 [main] Utils - [Utils] MethodGroupsHelper.collectMethodsByGroup() took 0 ms.
[INFO ] 2023-10-15 17:16:24.003 [main] Utils - [Utils] MethodGroupsHelper.sortMethods() took 0 ms.
[INFO ] 2023-10-15 17:16:24.004 [main] Utils - [Utils] MethodGroupsHelper.collectMethodsByGroup() took 0 ms.
[INFO ] 2023-10-15 17:16:24.004 [main] Utils - [Utils] MethodGroupsHelper.sortMethods() took 0 ms.
[INFO ] 2023-10-15 17:16:24.006 [main] Utils - [Utils] MethodGroupsHelper.collectMethodsByGroup() took 0 ms.
[INFO ] 2023-10-15 17:16:24.006 [main] Utils - [Utils] MethodGroupsHelper.sortMethods() took 0 ms.
[INFO ] 2023-10-15 17:16:24.006 [main] Utils - [Utils] MethodGroupsHelper.collectMethodsByGroup() took 0 ms.
[INFO ] 2023-10-15 17:16:24.006 [main] Utils - [Utils] MethodGroupsHelper.sortMethods() took 0 ms.
[INFO ] 2023-10-15 17:16:24.007 [main] Utils - [Utils] MethodGroupsHelper.collectMethodsByGroup() took 0 ms.
[INFO ] 2023-10-15 17:16:24.007 [main] Utils - [Utils] MethodGroupsHelper.sortMethods() took 0 ms.
[INFO ] 2023-10-15 17:16:24.007 [main] Utils - [Utils] MethodGroupsHelper.collectMethodsByGroup() took 0 ms.
[INFO ] 2023-10-15 17:16:24.007 [main] Utils - [Utils] MethodGroupsHelper.sortMethods() took 0 ms.
[INFO ] 2023-10-15 17:16:24.007 [main] Utils - [Utils] MethodGroupsHelper.collectMethodsByGroup() took 0 ms.
[INFO ] 2023-10-15 17:16:24.009 [main] Utils - [Utils] MethodGroupsHelper.sortMethods() took 1 ms.
[INFO ] 2023-10-15 17:16:24.010 [main] Utils - [Utils] MethodGroupsHelper.collectMethodsByGroup() took 0 ms.
[INFO ] 2023-10-15 17:16:24.010 [main] Utils - [Utils] MethodGroupsHelper.sortMethods() took 0 ms.
[INFO ] 2023-10-15 17:16:24.010 [main] Utils - [Utils] MethodGroupsHelper.collectMethodsByGroup() took 0 ms.
[INFO ] 2023-10-15 17:16:24.010 [main] Utils - [Utils] MethodGroupsHelper.sortMethods() took 0 ms.
[INFO ] 2023-10-15 17:16:24.017 [main] Utils - [TestNG] Running:
  C:\Users\HARISH S L\AppData\Local\Temp\testng-eclipse-61274293\testng-customsuite.xml

[INFO ] 2023-10-15 17:16:24.036 [main] Utils - [Utils] DynamicGraphHelper.createDynamicGraph() took 4 ms.
[INFO ] 2023-10-15 17:16:24.133 [main] Utils - [TestNG] Time taken by org.testng.internal.ExitCodeListener@408b35bf: 0 ms
[INFO ] 2023-10-15 17:16:24.170 [main] Utils - [TestNG] Time taken by org.testng.reporters.SuiteHTMLReporter@5bd1ceca: 37 ms
[INFO ] 2023-10-15 17:16:24.238 [main] Utils - [TestNG] Time taken by org.testng.reporters.jq.Main@2b46a8c1: 67 ms
[INFO ] 2023-10-15 17:16:24.250 [main] Utils - [TestNG] Time taken by org.testng.reporters.FailedReporter@58dea0a5: 11 ms
[INFO ] 2023-10-15 17:16:24.261 [main] Utils - [TestNG] Time taken by org.testng.reporters.XMLReporter@6d1310f6: 10 ms
[INFO ] 2023-10-15 17:16:24.268 [main] Utils - [TestNG] Time taken by org.testng.reporters.EmailableReporter2@182b435b: 7 ms
[INFO ] 2023-10-15 17:16:24.275 [main] Utils - [TestNG] Time taken by org.testng.reporters.JUnitReportReporter@60afd40d: 7 ms
[INFO ] 2023-10-15 17:18:49.939 [main] Utils - [Utils] MethodGroupsHelper.collectMethodsByGroup() took 1 ms.
[INFO ] 2023-10-15 17:18:49.943 [main] Utils - [Utils] MethodGroupsHelper.sortMethods() took 0 ms.
[INFO ] 2023-10-15 17:18:49.945 [main] Utils - [Utils] MethodGroupsHelper.collectMethodsByGroup() took 0 ms.
[INFO ] 2023-10-15 17:18:49.945 [main] Utils - [Utils] MethodGroupsHelper.sortMethods() took 0 ms.
[INFO ] 2023-10-15 17:18:49.946 [main] Utils - [Utils] MethodGroupsHelper.collectMethodsByGroup() took 0 ms.
[INFO ] 2023-10-15 17:18:49.946 [main] Utils - [Utils] MethodGroupsHelper.sortMethods() took 0 ms.
[INFO ] 2023-10-15 17:18:49.946 [main] Utils - [Utils] MethodGroupsHelper.collectMethodsByGroup() took 0 ms.
[INFO ] 2023-10-15 17:18:49.946 [main] Utils - [Utils] MethodGroupsHelper.sortMethods() took 0 ms.
[INFO ] 2023-10-15 17:18:49.951 [main] Utils - [Utils] MethodGroupsHelper.collectMethodsByGroup() took 2 ms.
[INFO ] 2023-10-15 17:18:49.959 [main] Utils - [Utils] MethodGroupsHelper.sortMethods() took 7 ms.
[INFO ] 2023-10-15 17:18:49.960 [main] Utils - [Utils] MethodGroupsHelper.collectMethodsByGroup() took 0 ms.
[INFO ] 2023-10-15 17:18:49.960 [main] Utils - [Utils] MethodGroupsHelper.sortMethods() took 0 ms.
[INFO ] 2023-10-15 17:18:49.961 [main] Utils - [Utils] MethodGroupsHelper.collectMethodsByGroup() took 0 ms.
[INFO ] 2023-10-15 17:18:49.961 [main] Utils - [Utils] MethodGroupsHelper.sortMethods() took 0 ms.
[INFO ] 2023-10-15 17:18:49.961 [main] Utils - [Utils] MethodGroupsHelper.collectMethodsByGroup() took 0 ms.
[INFO ] 2023-10-15 17:18:49.961 [main] Utils - [Utils] MethodGroupsHelper.sortMethods() took 0 ms.
[INFO ] 2023-10-15 17:18:49.962 [main] Utils - [Utils] MethodGroupsHelper.collectMethodsByGroup() took 0 ms.
[INFO ] 2023-10-15 17:18:49.962 [main] Utils - [Utils] MethodGroupsHelper.sortMethods() took 0 ms.
[INFO ] 2023-10-15 17:18:49.964 [main] Utils - [Utils] MethodGroupsHelper.collectMethodsByGroup() took 0 ms.
[INFO ] 2023-10-15 17:18:49.964 [main] Utils - [Utils] MethodGroupsHelper.sortMethods() took 0 ms.
[INFO ] 2023-10-15 17:18:49.964 [main] Utils - [Utils] MethodGroupsHelper.collectMethodsByGroup() took 0 ms.
[INFO ] 2023-10-15 17:18:49.965 [main] Utils - [Utils] MethodGroupsHelper.sortMethods() took 0 ms.
[INFO ] 2023-10-15 17:18:49.965 [main] Utils - [Utils] MethodGroupsHelper.collectMethodsByGroup() took 0 ms.
[INFO ] 2023-10-15 17:18:49.965 [main] Utils - [Utils] MethodGroupsHelper.sortMethods() took 0 ms.
[INFO ] 2023-10-15 17:18:49.965 [main] Utils - [Utils] MethodGroupsHelper.collectMethodsByGroup() took 0 ms.
[INFO ] 2023-10-15 17:18:49.966 [main] Utils - [Utils] MethodGroupsHelper.sortMethods() took 1 ms.
[INFO ] 2023-10-15 17:18:49.966 [main] Utils - [Utils] MethodGroupsHelper.collectMethodsByGroup() took 0 ms.
[INFO ] 2023-10-15 17:18:49.966 [main] Utils - [Utils] MethodGroupsHelper.sortMethods() took 0 ms.
[INFO ] 2023-10-15 17:18:49.967 [main] Utils - [Utils] MethodGroupsHelper.collectMethodsByGroup() took 0 ms.
[INFO ] 2023-10-15 17:18:49.967 [main] Utils - [Utils] MethodGroupsHelper.sortMethods() took 0 ms.
[INFO ] 2023-10-15 17:18:49.971 [main] Utils - [TestNG] Running:
  C:\Users\HARISH S L\AppData\Local\Temp\testng-eclipse-1593960669\testng-customsuite.xml

[INFO ] 2023-10-15 17:18:49.989 [main] Utils - [Utils] DynamicGraphHelper.createDynamicGraph() took 4 ms.
[INFO ] 2023-10-15 17:18:50.091 [main] Utils - [TestNG] Time taken by org.testng.internal.ExitCodeListener@aec50a1: 0 ms
[INFO ] 2023-10-15 17:18:50.114 [main] Utils - [TestNG] Time taken by org.testng.reporters.SuiteHTMLReporter@62da83ed: 23 ms
[INFO ] 2023-10-15 17:18:50.220 [main] Utils - [TestNG] Time taken by org.testng.reporters.jq.Main@41c07648: 105 ms
[INFO ] 2023-10-15 17:18:50.232 [main] Utils - [TestNG] Time taken by org.testng.reporters.FailedReporter@2f40a43: 12 ms
[INFO ] 2023-10-15 17:18:50.242 [main] Utils - [TestNG] Time taken by org.testng.reporters.XMLReporter@7048f722: 10 ms
[INFO ] 2023-10-15 17:18:50.250 [main] Utils - [TestNG] Time taken by org.testng.reporters.EmailableReporter2@68ed96ca: 8 ms
[INFO ] 2023-10-15 17:18:50.257 [main] Utils - [TestNG] Time taken by org.testng.reporters.JUnitReportReporter@51c929ae: 7 ms
[INFO ] 2023-10-15 17:21:25.168 [main] Utils - [Utils] MethodGroupsHelper.collectMethodsByGroup() took 1 ms.
[INFO ] 2023-10-15 17:21:25.174 [main] Utils - [Utils] MethodGroupsHelper.sortMethods() took 1 ms.
[INFO ] 2023-10-15 17:21:25.175 [main] Utils - [Utils] MethodGroupsHelper.collectMethodsByGroup() took 0 ms.
[INFO ] 2023-10-15 17:21:25.176 [main] Utils - [Utils] MethodGroupsHelper.sortMethods() took 1 ms.
[INFO ] 2023-10-15 17:21:25.176 [main] Utils - [Utils] MethodGroupsHelper.collectMethodsByGroup() took 0 ms.
[INFO ] 2023-10-15 17:21:25.176 [main] Utils - [Utils] MethodGroupsHelper.sortMethods() took 0 ms.
[INFO ] 2023-10-15 17:21:25.177 [main] Utils - [Utils] MethodGroupsHelper.collectMethodsByGroup() took 0 ms.
[INFO ] 2023-10-15 17:21:25.177 [main] Utils - [Utils] MethodGroupsHelper.sortMethods() took 0 ms.
[INFO ] 2023-10-15 17:21:25.180 [main] Utils - [Utils] MethodGroupsHelper.collectMethodsByGroup() took 1 ms.
[INFO ] 2023-10-15 17:21:25.189 [main] Utils - [Utils] MethodGroupsHelper.sortMethods() took 9 ms.
[INFO ] 2023-10-15 17:21:25.191 [main] Utils - [Utils] MethodGroupsHelper.collectMethodsByGroup() took 1 ms.
[INFO ] 2023-10-15 17:21:25.191 [main] Utils - [Utils] MethodGroupsHelper.sortMethods() took 0 ms.
[INFO ] 2023-10-15 17:21:25.191 [main] Utils - [Utils] MethodGroupsHelper.collectMethodsByGroup() took 0 ms.
[INFO ] 2023-10-15 17:21:25.193 [main] Utils - [Utils] MethodGroupsHelper.sortMethods() took 0 ms.
[INFO ] 2023-10-15 17:21:25.193 [main] Utils - [Utils] MethodGroupsHelper.collectMethodsByGroup() took 0 ms.
[INFO ] 2023-10-15 17:21:25.193 [main] Utils - [Utils] MethodGroupsHelper.sortMethods() took 0 ms.
[INFO ] 2023-10-15 17:21:25.194 [main] Utils - [Utils] MethodGroupsHelper.collectMethodsByGroup() took 0 ms.
[INFO ] 2023-10-15 17:21:25.194 [main] Utils - [Utils] MethodGroupsHelper.sortMethods() took 0 ms.
[INFO ] 2023-10-15 17:21:25.195 [main] Utils - [Utils] MethodGroupsHelper.collectMethodsByGroup() took 0 ms.
[INFO ] 2023-10-15 17:21:25.195 [main] Utils - [Utils] MethodGroupsHelper.sortMethods() took 0 ms.
[INFO ] 2023-10-15 17:21:25.196 [main] Utils - [Utils] MethodGroupsHelper.collectMethodsByGroup() took 0 ms.
[INFO ] 2023-10-15 17:21:25.196 [main] Utils - [Utils] MethodGroupsHelper.sortMethods() took 0 ms.
[INFO ] 2023-10-15 17:21:25.196 [main] Utils - [Utils] MethodGroupsHelper.collectMethodsByGroup() took 0 ms.
[INFO ] 2023-10-15 17:21:25.196 [main] Utils - [Utils] MethodGroupsHelper.sortMethods() took 0 ms.
[INFO ] 2023-10-15 17:21:25.197 [main] Utils - [Utils] MethodGroupsHelper.collectMethodsByGroup() took 1 ms.
[INFO ] 2023-10-15 17:21:25.197 [main] Utils - [Utils] MethodGroupsHelper.sortMethods() took 0 ms.
[INFO ] 2023-10-15 17:21:25.198 [main] Utils - [Utils] MethodGroupsHelper.collectMethodsByGroup() took 0 ms.
[INFO ] 2023-10-15 17:21:25.198 [main] Utils - [Utils] MethodGroupsHelper.sortMethods() took 0 ms.
[INFO ] 2023-10-15 17:21:25.198 [main] Utils - [Utils] MethodGroupsHelper.collectMethodsByGroup() took 0 ms.
[INFO ] 2023-10-15 17:21:25.198 [main] Utils - [Utils] MethodGroupsHelper.sortMethods() took 0 ms.
[INFO ] 2023-10-15 17:21:25.203 [main] Utils - [TestNG] Running:
  C:\Users\HARISH S L\AppData\Local\Temp\testng-eclipse--1043494685\testng-customsuite.xml

[INFO ] 2023-10-15 17:21:25.223 [main] Utils - [Utils] DynamicGraphHelper.createDynamicGraph() took 4 ms.
[INFO ] 2023-10-15 17:21:25.315 [main] Utils - [TestNG] Time taken by org.testng.internal.ExitCodeListener@aec50a1: 0 ms
[INFO ] 2023-10-15 17:21:25.341 [main] Utils - [TestNG] Time taken by org.testng.reporters.SuiteHTMLReporter@62da83ed: 25 ms
[INFO ] 2023-10-15 17:21:25.415 [main] Utils - [TestNG] Time taken by org.testng.reporters.jq.Main@41c07648: 73 ms
[INFO ] 2023-10-15 17:21:25.425 [main] Utils - [TestNG] Time taken by org.testng.reporters.FailedReporter@2f40a43: 10 ms
[INFO ] 2023-10-15 17:21:25.440 [main] Utils - [TestNG] Time taken by org.testng.reporters.XMLReporter@7048f722: 15 ms
[INFO ] 2023-10-15 17:21:25.448 [main] Utils - [TestNG] Time taken by org.testng.reporters.EmailableReporter2@68ed96ca: 7 ms
[INFO ] 2023-10-15 17:21:25.452 [main] Utils - [TestNG] Time taken by org.testng.reporters.JUnitReportReporter@3c8bdd5b: 4 ms
[INFO ] 2023-10-15 17:23:40.437 [main] Utils - [TestNG] Running:
  C:\Users\HARISH S L\eclipse-workspace\IntBankingV1\testng.xml

[INFO ] 2023-10-15 20:43:44.885 [main] Utils - [Utils] MethodGroupsHelper.collectMethodsByGroup() took 0 ms.
[INFO ] 2023-10-15 20:43:44.890 [main] Utils - [Utils] MethodGroupsHelper.sortMethods() took 1 ms.
[INFO ] 2023-10-15 20:43:44.894 [main] Utils - [Utils] MethodGroupsHelper.collectMethodsByGroup() took 0 ms.
[INFO ] 2023-10-15 20:43:44.894 [main] Utils - [Utils] MethodGroupsHelper.sortMethods() took 0 ms.
[INFO ] 2023-10-15 20:43:44.895 [main] Utils - [Utils] MethodGroupsHelper.collectMethodsByGroup() took 0 ms.
[INFO ] 2023-10-15 20:43:44.895 [main] Utils - [Utils] MethodGroupsHelper.sortMethods() took 0 ms.
[INFO ] 2023-10-15 20:43:44.895 [main] Utils - [Utils] MethodGroupsHelper.collectMethodsByGroup() took 0 ms.
[INFO ] 2023-10-15 20:43:44.895 [main] Utils - [Utils] MethodGroupsHelper.sortMethods() took 0 ms.
[INFO ] 2023-10-15 20:43:44.899 [main] Utils - [Utils] MethodGroupsHelper.collectMethodsByGroup() took 2 ms.
[INFO ] 2023-10-15 20:43:44.912 [main] Utils - [Utils] MethodGroupsHelper.sortMethods() took 13 ms.
[INFO ] 2023-10-15 20:43:44.913 [main] Utils - [Utils] MethodGroupsHelper.collectMethodsByGroup() took 0 ms.
[INFO ] 2023-10-15 20:43:44.914 [main] Utils - [Utils] MethodGroupsHelper.sortMethods() took 0 ms.
[INFO ] 2023-10-15 20:43:44.914 [main] Utils - [Utils] MethodGroupsHelper.collectMethodsByGroup() took 0 ms.
[INFO ] 2023-10-15 20:43:44.914 [main] Utils - [Utils] MethodGroupsHelper.sortMethods() took 0 ms.
[INFO ] 2023-10-15 20:43:44.915 [main] Utils - [Utils] MethodGroupsHelper.collectMethodsByGroup() took 0 ms.
[INFO ] 2023-10-15 20:43:44.915 [main] Utils - [Utils] MethodGroupsHelper.sortMethods() took 0 ms.
[INFO ] 2023-10-15 20:43:44.916 [main] Utils - [Utils] MethodGroupsHelper.collectMethodsByGroup() took 0 ms.
[INFO ] 2023-10-15 20:43:44.916 [main] Utils - [Utils] MethodGroupsHelper.sortMethods() took 0 ms.
[INFO ] 2023-10-15 20:43:44.916 [main] Utils - [Utils] MethodGroupsHelper.collectMethodsByGroup() took 0 ms.
[INFO ] 2023-10-15 20:43:44.917 [main] Utils - [Utils] MethodGroupsHelper.sortMethods() took 0 ms.
[INFO ] 2023-10-15 20:43:44.917 [main] Utils - [Utils] MethodGroupsHelper.collectMethodsByGroup() took 0 ms.
[INFO ] 2023-10-15 20:43:44.917 [main] Utils - [Utils] MethodGroupsHelper.sortMethods() took 0 ms.
[INFO ] 2023-10-15 20:43:44.917 [main] Utils - [Utils] MethodGroupsHelper.collectMethodsByGroup() took 0 ms.
[INFO ] 2023-10-15 20:43:44.917 [main] Utils - [Utils] MethodGroupsHelper.sortMethods() took 0 ms.
[INFO ] 2023-10-15 20:43:44.919 [main] Utils - [Utils] MethodGroupsHelper.collectMethodsByGroup() took 0 ms.
[INFO ] 2023-10-15 20:43:44.920 [main] Utils - [Utils] MethodGroupsHelper.sortMethods() took 0 ms.
[INFO ] 2023-10-15 20:43:44.921 [main] Utils - [Utils] MethodGroupsHelper.collectMethodsByGroup() took 0 ms.
[INFO ] 2023-10-15 20:43:44.921 [main] Utils - [Utils] MethodGroupsHelper.sortMethods() took 0 ms.
[INFO ] 2023-10-15 20:43:44.921 [main] Utils - [Utils] MethodGroupsHelper.collectMethodsByGroup() took 0 ms.
[INFO ] 2023-10-15 20:43:44.921 [main] Utils - [Utils] MethodGroupsHelper.sortMethods() took 0 ms.
[INFO ] 2023-10-15 20:43:44.929 [main] Utils - [TestNG] Running:
  C:\Users\HARISH S L\AppData\Local\Temp\testng-eclipse--1592586755\testng-customsuite.xml

[INFO ] 2023-10-15 20:43:44.946 [main] Utils - [Utils] DynamicGraphHelper.createDynamicGraph() took 4 ms.
[INFO ] 2023-10-15 20:43:45.055 [main] Utils - [TestNG] Time taken by org.testng.internal.ExitCodeListener@aec50a1: 0 ms
[INFO ] 2023-10-15 20:43:45.084 [main] Utils - [TestNG] Time taken by org.testng.reporters.SuiteHTMLReporter@62da83ed: 29 ms
[INFO ] 2023-10-15 20:43:45.162 [main] Utils - [TestNG] Time taken by org.testng.reporters.jq.Main@41c07648: 78 ms
[INFO ] 2023-10-15 20:43:45.173 [main] Utils - [TestNG] Time taken by org.testng.reporters.FailedReporter@2f40a43: 11 ms
[INFO ] 2023-10-15 20:43:45.183 [main] Utils - [TestNG] Time taken by org.testng.reporters.XMLReporter@7048f722: 9 ms
[INFO ] 2023-10-15 20:43:45.189 [main] Utils - [TestNG] Time taken by org.testng.reporters.EmailableReporter2@68ed96ca: 6 ms
[INFO ] 2023-10-15 20:43:45.197 [main] Utils - [TestNG] Time taken by org.testng.reporters.JUnitReportReporter@51c929ae: 7 ms
[INFO ] 2023-10-15 20:43:55.287 [main] Utils - [TestNG] Running:
  C:\Users\HARISH S L\eclipse-workspace\IntBankingV1\testng.xml

[INFO ] 2023-10-15 21:14:02.555 [main] Utils - [TestNG] Running:
  C:\Users\HARISH S L\eclipse-workspace\IntBankingV1\testng.xml

[INFO ] 2023-10-15 21:16:35.407 [main] Utils - [TestNG] Running:
  C:\Users\HARISH S L\eclipse-workspace\IntBankingV1\testng.xml

[INFO ] 2023-10-15 21:16:47.160 [main] Utils - [TestNG] Running:
  C:\Users\HARISH S L\eclipse-workspace\IntBankingV1\testng.xml

[INFO ] 2023-10-15 21:32:16.081 [main] Utils - [Utils] MethodGroupsHelper.collectMethodsByGroup() took 1 ms.
[INFO ] 2023-10-15 21:32:16.087 [main] Utils - [Utils] MethodGroupsHelper.sortMethods() took 2 ms.
[INFO ] 2023-10-15 21:32:16.088 [main] Utils - [Utils] MethodGroupsHelper.collectMethodsByGroup() took 0 ms.
[INFO ] 2023-10-15 21:32:16.088 [main] Utils - [Utils] MethodGroupsHelper.sortMethods() took 0 ms.
[INFO ] 2023-10-15 21:32:16.088 [main] Utils - [Utils] MethodGroupsHelper.collectMethodsByGroup() took 0 ms.
[INFO ] 2023-10-15 21:32:16.088 [main] Utils - [Utils] MethodGroupsHelper.sortMethods() took 0 ms.
[INFO ] 2023-10-15 21:32:16.089 [main] Utils - [Utils] MethodGroupsHelper.collectMethodsByGroup() took 0 ms.
[INFO ] 2023-10-15 21:32:16.089 [main] Utils - [Utils] MethodGroupsHelper.sortMethods() took 0 ms.
[INFO ] 2023-10-15 21:32:16.093 [main] Utils - [Utils] MethodGroupsHelper.collectMethodsByGroup() took 1 ms.
[INFO ] 2023-10-15 21:32:16.106 [main] Utils - [Utils] MethodGroupsHelper.sortMethods() took 13 ms.
[INFO ] 2023-10-15 21:32:16.107 [main] Utils - [Utils] MethodGroupsHelper.collectMethodsByGroup() took 0 ms.
[INFO ] 2023-10-15 21:32:16.108 [main] Utils - [Utils] MethodGroupsHelper.sortMethods() took 1 ms.
[INFO ] 2023-10-15 21:32:16.108 [main] Utils - [Utils] MethodGroupsHelper.collectMethodsByGroup() took 0 ms.
[INFO ] 2023-10-15 21:32:16.108 [main] Utils - [Utils] MethodGroupsHelper.sortMethods() took 0 ms.
[INFO ] 2023-10-15 21:32:16.108 [main] Utils - [Utils] MethodGroupsHelper.collectMethodsByGroup() took 0 ms.
[INFO ] 2023-10-15 21:32:16.108 [main] Utils - [Utils] MethodGroupsHelper.sortMethods() took 0 ms.
[INFO ] 2023-10-15 21:32:16.111 [main] Utils - [Utils] MethodGroupsHelper.collectMethodsByGroup() took 0 ms.
[INFO ] 2023-10-15 21:32:16.111 [main] Utils - [Utils] MethodGroupsHelper.sortMethods() took 0 ms.
[INFO ] 2023-10-15 21:32:16.111 [main] Utils - [Utils] MethodGroupsHelper.collectMethodsByGroup() took 0 ms.
[INFO ] 2023-10-15 21:32:16.111 [main] Utils - [Utils] MethodGroupsHelper.sortMethods() took 0 ms.
[INFO ] 2023-10-15 21:32:16.112 [main] Utils - [Utils] MethodGroupsHelper.collectMethodsByGroup() took 0 ms.
[INFO ] 2023-10-15 21:32:16.112 [main] Utils - [Utils] MethodGroupsHelper.sortMethods() took 0 ms.
[INFO ] 2023-10-15 21:32:16.112 [main] Utils - [Utils] MethodGroupsHelper.collectMethodsByGroup() took 0 ms.
[INFO ] 2023-10-15 21:32:16.112 [main] Utils - [Utils] MethodGroupsHelper.sortMethods() took 0 ms.
[INFO ] 2023-10-15 21:32:16.115 [main] Utils - [Utils] MethodGroupsHelper.collectMethodsByGroup() took 0 ms.
[INFO ] 2023-10-15 21:32:16.116 [main] Utils - [Utils] MethodGroupsHelper.sortMethods() took 1 ms.
[INFO ] 2023-10-15 21:32:16.117 [main] Utils - [Utils] MethodGroupsHelper.collectMethodsByGroup() took 0 ms.
[INFO ] 2023-10-15 21:32:16.117 [main] Utils - [Utils] MethodGroupsHelper.sortMethods() took 0 ms.
[INFO ] 2023-10-15 21:32:16.117 [main] Utils - [Utils] MethodGroupsHelper.collectMethodsByGroup() took 0 ms.
[INFO ] 2023-10-15 21:32:16.117 [main] Utils - [Utils] MethodGroupsHelper.sortMethods() took 0 ms.
[INFO ] 2023-10-15 21:32:16.122 [main] Utils - [TestNG] Running:
  C:\Users\HARISH S L\AppData\Local\Temp\testng-eclipse-535333758\testng-customsuite.xml

[INFO ] 2023-10-15 21:32:16.138 [main] Utils - [Utils] DynamicGraphHelper.createDynamicGraph() took 3 ms.
[INFO ] 2023-10-15 21:32:16.250 [main] Utils - [TestNG] Time taken by org.testng.internal.ExitCodeListener@aec50a1: 0 ms
[INFO ] 2023-10-15 21:32:16.277 [main] Utils - [TestNG] Time taken by org.testng.reporters.SuiteHTMLReporter@62da83ed: 26 ms
[INFO ] 2023-10-15 21:32:16.345 [main] Utils - [TestNG] Time taken by org.testng.reporters.jq.Main@41c07648: 68 ms
[INFO ] 2023-10-15 21:32:16.358 [main] Utils - [TestNG] Time taken by org.testng.reporters.FailedReporter@2f40a43: 13 ms
[INFO ] 2023-10-15 21:32:16.370 [main] Utils - [TestNG] Time taken by org.testng.reporters.XMLReporter@7048f722: 12 ms
[INFO ] 2023-10-15 21:32:16.377 [main] Utils - [TestNG] Time taken by org.testng.reporters.EmailableReporter2@68ed96ca: 7 ms
[INFO ] 2023-10-15 21:32:16.388 [main] Utils - [TestNG] Time taken by org.testng.reporters.JUnitReportReporter@51c929ae: 11 ms
[INFO ] 2023-10-15 21:40:38.234 [main] Utils - [TestNG] Running:
  C:\Users\HARISH S L\eclipse-workspace\IntBankingV1\testng.xml

[INFO ] 2023-10-15 21:40:59.557 [main] Utils - [TestNG] Running:
  C:\Users\HARISH S L\eclipse-workspace\IntBankingV1\testng.xml

[INFO ] 2023-10-15 22:01:06.565 [main] Utils - [Utils] MethodGroupsHelper.collectMethodsByGroup() took 1 ms.
[INFO ] 2023-10-15 22:01:06.569 [main] Utils - [Utils] MethodGroupsHelper.sortMethods() took 1 ms.
[INFO ] 2023-10-15 22:01:06.570 [main] Utils - [Utils] MethodGroupsHelper.collectMethodsByGroup() took 0 ms.
[INFO ] 2023-10-15 22:01:06.570 [main] Utils - [Utils] MethodGroupsHelper.sortMethods() took 0 ms.
[INFO ] 2023-10-15 22:01:06.571 [main] Utils - [Utils] MethodGroupsHelper.collectMethodsByGroup() took 0 ms.
[INFO ] 2023-10-15 22:01:06.571 [main] Utils - [Utils] MethodGroupsHelper.sortMethods() took 0 ms.
[INFO ] 2023-10-15 22:01:06.571 [main] Utils - [Utils] MethodGroupsHelper.collectMethodsByGroup() took 0 ms.
[INFO ] 2023-10-15 22:01:06.572 [main] Utils - [Utils] MethodGroupsHelper.sortMethods() took 0 ms.
[INFO ] 2023-10-15 22:01:06.574 [main] Utils - [Utils] MethodGroupsHelper.collectMethodsByGroup() took 2 ms.
[INFO ] 2023-10-15 22:01:06.585 [main] Utils - [Utils] MethodGroupsHelper.sortMethods() took 9 ms.
[INFO ] 2023-10-15 22:01:06.586 [main] Utils - [Utils] MethodGroupsHelper.collectMethodsByGroup() took 0 ms.
[INFO ] 2023-10-15 22:01:06.587 [main] Utils - [Utils] MethodGroupsHelper.sortMethods() took 0 ms.
[INFO ] 2023-10-15 22:01:06.587 [main] Utils - [Utils] MethodGroupsHelper.collectMethodsByGroup() took 0 ms.
[INFO ] 2023-10-15 22:01:06.587 [main] Utils - [Utils] MethodGroupsHelper.sortMethods() took 0 ms.
[INFO ] 2023-10-15 22:01:06.587 [main] Utils - [Utils] MethodGroupsHelper.collectMethodsByGroup() took 0 ms.
[INFO ] 2023-10-15 22:01:06.588 [main] Utils - [Utils] MethodGroupsHelper.sortMethods() took 0 ms.
[INFO ] 2023-10-15 22:01:06.590 [main] Utils - [Utils] MethodGroupsHelper.collectMethodsByGroup() took 0 ms.
[INFO ] 2023-10-15 22:01:06.590 [main] Utils - [Utils] MethodGroupsHelper.sortMethods() took 0 ms.
[INFO ] 2023-10-15 22:01:06.591 [main] Utils - [Utils] MethodGroupsHelper.collectMethodsByGroup() took 0 ms.
[INFO ] 2023-10-15 22:01:06.591 [main] Utils - [Utils] MethodGroupsHelper.sortMethods() took 0 ms.
[INFO ] 2023-10-15 22:01:06.591 [main] Utils - [Utils] MethodGroupsHelper.collectMethodsByGroup() took 0 ms.
[INFO ] 2023-10-15 22:01:06.591 [main] Utils - [Utils] MethodGroupsHelper.sortMethods() took 0 ms.
[INFO ] 2023-10-15 22:01:06.592 [main] Utils - [Utils] MethodGroupsHelper.collectMethodsByGroup() took 0 ms.
[INFO ] 2023-10-15 22:01:06.592 [main] Utils - [Utils] MethodGroupsHelper.sortMethods() took 0 ms.
[INFO ] 2023-10-15 22:01:06.593 [main] Utils - [Utils] MethodGroupsHelper.collectMethodsByGroup() took 1 ms.
[INFO ] 2023-10-15 22:01:06.593 [main] Utils - [Utils] MethodGroupsHelper.sortMethods() took 0 ms.
[INFO ] 2023-10-15 22:01:06.594 [main] Utils - [Utils] MethodGroupsHelper.collectMethodsByGroup() took 0 ms.
[INFO ] 2023-10-15 22:01:06.594 [main] Utils - [Utils] MethodGroupsHelper.sortMethods() took 0 ms.
[INFO ] 2023-10-15 22:01:06.594 [main] Utils - [Utils] MethodGroupsHelper.collectMethodsByGroup() took 0 ms.
[INFO ] 2023-10-15 22:01:06.594 [main] Utils - [Utils] MethodGroupsHelper.sortMethods() took 0 ms.
[INFO ] 2023-10-15 22:01:06.599 [main] Utils - [TestNG] Running:
  C:\Users\HARISH S L\AppData\Local\Temp\testng-eclipse--533460413\testng-customsuite.xml

[INFO ] 2023-10-15 22:01:06.616 [main] Utils - [Utils] DynamicGraphHelper.createDynamicGraph() took 5 ms.
[INFO ] 2023-10-15 22:01:06.725 [main] Utils - [TestNG] Time taken by org.testng.internal.ExitCodeListener@aec50a1: 0 ms
[INFO ] 2023-10-15 22:01:06.750 [main] Utils - [TestNG] Time taken by org.testng.reporters.SuiteHTMLReporter@62da83ed: 24 ms
[INFO ] 2023-10-15 22:01:06.815 [main] Utils - [TestNG] Time taken by org.testng.reporters.jq.Main@41c07648: 64 ms
[INFO ] 2023-10-15 22:01:06.825 [main] Utils - [TestNG] Time taken by org.testng.reporters.FailedReporter@2f40a43: 10 ms
[INFO ] 2023-10-15 22:01:06.834 [main] Utils - [TestNG] Time taken by org.testng.reporters.XMLReporter@7048f722: 9 ms
[INFO ] 2023-10-15 22:01:06.839 [main] Utils - [TestNG] Time taken by org.testng.reporters.EmailableReporter2@68ed96ca: 5 ms
[INFO ] 2023-10-15 22:01:06.845 [main] Utils - [TestNG] Time taken by org.testng.reporters.JUnitReportReporter@51c929ae: 5 ms
[INFO ] 2023-10-15 22:02:04.631 [main] Utils - [TestNG] Running:
  C:\Users\HARISH S L\eclipse-workspace\IntBankingV1\testng.xml

